<?xml version="1.0" encoding="UTF-8"?>
<testsuite name="com.bridgelabz.HashTableTest" tests="3" skipped="0" failures="0" errors="0" timestamp="2021-06-11T11:02:28" hostname="LAPTOP-DILI6N8Q" time="0.005">
  <properties/>
  <testcase name="provideSentence_WhenWordAddedToList_ShouldReturnFrequency" classname="com.bridgelabz.HashTableTest" time="0.004"/>
  <testcase name="provideLargeSentence_WhenWordAddedToHasMap_ShouldReturnParanoidFrequency" classname="com.bridgelabz.HashTableTest" time="0.0"/>
  <testcase name="provideWord_WhenRemovedFromHashMap_TestCaseShouldPass" classname="com.bridgelabz.HashTableTest" time="0.0"/>
  <system-out><![CDATA[]]></system-out>
  <system-err><![CDATA[]]></system-err>
</testsuite>
